<?xml version="1.0" encoding="UTF-8"?>
<!-- Generated by org.testng.reporters.JUnitReportReporter -->
<testsuite hostname="QT-INBG-LT0169" failures="0" tests="1" name="twitter.tweet" time="3.882" errors="0" timestamp="2021-04-08T11:40:45 IST" skipped="0">
  <testcase classname="twitter.tweet" name="tweets" time="3.882"/>
  <system-out/>
</testsuite> <!-- twitter.tweet -->
