<?xml version="1.0" encoding="UTF-8"?>
<!-- Generated by org.testng.reporters.JUnitReportReporter -->
<testsuite hostname="QT-INBG-LT" failures="0" tests="1" name="twitter.Weather" time="4.517" errors="0" timestamp="2021-04-08T10:08:28 IST" skipped="0">
  <testcase classname="twitter.Weather" name="weather_update" time="4.517"/>
  <system-out/>
</testsuite> <!-- twitter.Weather -->
