<?xml version="1.0" encoding="UTF-8"?>
<!-- Generated by org.testng.reporters.JUnitReportReporter -->
<testsuite hostname="QT-INBG-LT" failures="0" tests="1" name="twitter.ListAllTweets" time="4.326" errors="0" timestamp="2021-04-08T10:01:48 IST" skipped="0">
  <testcase classname="twitter.ListAllTweets" name="getUserTweets" time="4.326"/>
  <system-out/>
</testsuite> <!-- twitter.ListAllTweets -->
